[debug] [2023-07-09T22:27:41.667Z] ----------------------------------------------------------------------
[debug] [2023-07-09T22:27:41.669Z] Command:       C:\Program Files\nodejs\node.exe C:\Users\valer\AppData\Roaming\npm\node_modules\firebase-tools\lib\bin\firebase.js init
[debug] [2023-07-09T22:27:41.669Z] CLI Version:   12.4.3
[debug] [2023-07-09T22:27:41.670Z] Platform:      win32
[debug] [2023-07-09T22:27:41.670Z] Node Version:  v18.16.0
[debug] [2023-07-09T22:27:41.671Z] Time:          Sun Jul 09 2023 17:27:41 GMT-0500 (hora estándar de Colombia)
[debug] [2023-07-09T22:27:41.671Z] ----------------------------------------------------------------------
[debug] 
[debug] [2023-07-09T22:27:41.680Z] > command requires scopes: ["email","openid","https://www.googleapis.com/auth/cloudplatformprojects.readonly","https://www.googleapis.com/auth/firebase","https://www.googleapis.com/auth/cloud-platform"]
[debug] [2023-07-09T22:27:41.680Z] > authorizing via signed-in user (cristhian07.vergara@gmail.com)
[info] 
     ######## #### ########  ######## ########     ###     ######  ########
     ##        ##  ##     ## ##       ##     ##  ##   ##  ##       ##
     ######    ##  ########  ######   ########  #########  ######  ######
     ##        ##  ##    ##  ##       ##     ## ##     ##       ## ##
     ##       #### ##     ## ######## ########  ##     ##  ######  ########

You're about to initialize a Firebase project in this directory:

  C:\Users\valer\Desktop\pro\firebase

[info] 
=== Project Setup
[info] 
[info] First, let's associate this project directory with a Firebase project.
[info] You can create multiple project aliases by running firebase use --add, 
[info] but for now we'll just set up a default project.
[info] 
[debug] [2023-07-09T22:28:28.780Z] >>> [apiv2][query] GET https://firebase.googleapis.com/v1beta1/projects pageSize=100
[debug] [2023-07-09T22:28:29.315Z] <<< [apiv2][status] GET https://firebase.googleapis.com/v1beta1/projects 200
[debug] [2023-07-09T22:28:29.315Z] <<< [apiv2][body] GET https://firebase.googleapis.com/v1beta1/projects [omitted]
[info] i  Using project proyecto-web-9edab (Proyecto web) 
[info] 
=== Hosting Setup
[info] 
[info] Your public directory is the folder (relative to your project directory) that
[info] will contain Hosting assets to be uploaded with firebase deploy. If you
[info] have a build process for your assets, use your build's output directory.
[info] 
[debug] [2023-07-09T22:28:43.448Z] >>> [apiv2][query] GET https://www.gstatic.com/firebasejs/releases.json [none]
[debug] [2023-07-09T22:28:43.628Z] <<< [apiv2][status] GET https://www.gstatic.com/firebasejs/releases.json 200
[debug] [2023-07-09T22:28:43.628Z] <<< [apiv2][body] GET https://www.gstatic.com/firebasejs/releases.json {"current":{"version":"10.0.0","browserURL":"https://www.gstatic.com/firebasejs/10.0.0/firebase.js","packageURL":"https://www.gstatic.com/firebasejs/10.0.0/firebase.tgz"},"live":{"version":"10.0","browserURL":"https://www.gstatic.com/firebasejs/live/10.0/firebase.js","packageURL":"https://www.gstatic.com/firebasejs/live/10.0/firebase.tgz"},"components":{"analytics":"https://www.gstatic.com/firebasejs/10.0.0/firebase-analytics.js","app":"https://www.gstatic.com/firebasejs/10.0.0/firebase-app.js","app-check":"https://www.gstatic.com/firebasejs/10.0.0/firebase-app-check.js","auth":"https://www.gstatic.com/firebasejs/10.0.0/firebase-auth.js","auth/cordova":"https://www.gstatic.com/firebasejs/10.0.0/firebase-auth/cordova.js","functions":"https://www.gstatic.com/firebasejs/10.0.0/firebase-functions.js","firestore":"https://www.gstatic.com/firebasejs/10.0.0/firebase-firestore.js","firestore/lite":"https://www.gstatic.com/firebasejs/10.0.0/firebase-firestore/lite.js","installations":"https://www.gstatic.com/firebasejs/10.0.0/firebase-installations.js","storage":"https://www.gstatic.com/firebasejs/10.0.0/firebase-storage.js","performance":"https://www.gstatic.com/firebasejs/10.0.0/firebase-performance.js","remote-config":"https://www.gstatic.com/firebasejs/10.0.0/firebase-remote-config.js","messaging":"https://www.gstatic.com/firebasejs/10.0.0/firebase-messaging.js","messaging/sw":"https://www.gstatic.com/firebasejs/10.0.0/firebase-messaging/sw.js","database":"https://www.gstatic.com/firebasejs/10.0.0/firebase-database.js","firestore.memory":"https://www.gstatic.com/firebasejs/10.0.0/firebase-firestore.memory.js"}}
[info] +  Wrote public/index.html 
[info] 
[info] i  Detected a .git folder at C:\Users\valer\Desktop\pro\firebase 
[info] i  Authorizing with GitHub to upload your service account to a GitHub repository's secrets store. 
[info] 
[info] Visit this URL on this device to log in:
[info] https://github.com/login/oauth/authorize?client_id=89cf50f02ac6aaed3484&state=224173325&redirect_uri=http%3A%2F%2Flocalhost%3A9005&scope=read%3Auser%20repo%20public_repo
[info] 
[info] Waiting for authentication...
[debug] [2023-07-09T22:28:59.942Z] >>> [apiv2][query] POST https://github.com/login/oauth/access_token [none]
[debug] [2023-07-09T22:28:59.942Z] >>> [apiv2][body] POST https://github.com/login/oauth/access_token [stream]
[debug] [2023-07-09T22:29:00.404Z] <<< [apiv2][status] POST https://github.com/login/oauth/access_token 200
[debug] [2023-07-09T22:29:00.404Z] <<< [apiv2][body] POST https://github.com/login/oauth/access_token {"access_token":"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","token_type":"bearer","scope":"read:user,repo"}
[debug] [2023-07-09T22:29:00.411Z] >>> [apiv2][query] GET https://api.github.com/user [none]
[debug] [2023-07-09T22:29:00.803Z] <<< [apiv2][status] GET https://api.github.com/user 200
[debug] [2023-07-09T22:29:00.803Z] <<< [apiv2][body] GET https://api.github.com/user {"login":"Christhian-07","id":118949897,"node_id":"U_kgDOBxcICQ","avatar_url":"https://avatars.githubusercontent.com/u/118949897?v=4","gravatar_id":"","url":"https://api.github.com/users/Christhian-07","html_url":"https://github.com/Christhian-07","followers_url":"https://api.github.com/users/Christhian-07/followers","following_url":"https://api.github.com/users/Christhian-07/following{/other_user}","gists_url":"https://api.github.com/users/Christhian-07/gists{/gist_id}","starred_url":"https://api.github.com/users/Christhian-07/starred{/owner}{/repo}","subscriptions_url":"https://api.github.com/users/Christhian-07/subscriptions","organizations_url":"https://api.github.com/users/Christhian-07/orgs","repos_url":"https://api.github.com/users/Christhian-07/repos","events_url":"https://api.github.com/users/Christhian-07/events{/privacy}","received_events_url":"https://api.github.com/users/Christhian-07/received_events","type":"User","site_admin":false,"name":null,"company":null,"blog":"","location":null,"email":null,"hireable":null,"bio":null,"twitter_username":null,"public_repos":16,"public_gists":0,"followers":0,"following":0,"created_at":"2022-11-24T02:25:52Z","updated_at":"2023-04-28T04:06:10Z","private_gists":0,"total_private_repos":3,"owned_private_repos":3,"disk_usage":5307,"collaborators":1,"two_factor_authentication":false,"plan":{"name":"free","space":976562499,"collaborators":0,"private_repos":10000}}
[info] 
[info] +  Success! Logged into GitHub as Christhian-07 
[info] 
[debug] [2023-07-09T22:29:20.984Z] >>> [apiv2][query] GET https://api.github.com/repos//actions/secrets/public-key type=owner
[debug] [2023-07-09T22:29:21.397Z] <<< [apiv2][status] GET https://api.github.com/repos//actions/secrets/public-key 404
[debug] [2023-07-09T22:29:21.397Z] <<< [apiv2][body] GET https://api.github.com/repos//actions/secrets/public-key {"message":"Not Found","documentation_url":"https://docs.github.com/rest"}
[info] 
[info] 
[error] !  The provided authorization cannot be used with this repository. If this repository is in an organization, did you remember to grant access? 
[info] 
[info] i  Action required: Visit this URL to ensure access has been granted to the appropriate organization(s) for the Firebase CLI GitHub OAuth App: 
[info] https://github.com/settings/connections/applications/89cf50f02ac6aaed3484
[info] 
[debug] [2023-07-09T22:32:00.848Z] >>> [apiv2][query] GET https://api.github.com/repos/https://github.com/settings/connections/applications/89cf50f02ac6aaed3484 /actions/secrets/public-key type=owner
[debug] [2023-07-09T22:32:01.196Z] <<< [apiv2][status] GET https://api.github.com/repos/https://github.com/settings/connections/applications/89cf50f02ac6aaed3484 /actions/secrets/public-key 404
[debug] [2023-07-09T22:32:01.197Z] <<< [apiv2][body] GET https://api.github.com/repos/https://github.com/settings/connections/applications/89cf50f02ac6aaed3484 /actions/secrets/public-key {"message":"Not Found","documentation_url":"https://docs.github.com/rest"}
[info] 
[info] 
[error] !  The provided authorization cannot be used with this repository. If this repository is in an organization, did you remember to grant access? 
[info] 
[info] i  Action required: Visit this URL to ensure access has been granted to the appropriate organization(s) for the Firebase CLI GitHub OAuth App: 
[info] https://github.com/settings/connections/applications/89cf50f02ac6aaed3484
[info] 
[debug] [2023-07-09T22:34:31.169Z] ----------------------------------------------------------------------
[debug] [2023-07-09T22:34:31.171Z] Command:       C:\Program Files\nodejs\node.exe C:\Users\valer\AppData\Roaming\npm\node_modules\firebase-tools\lib\bin\firebase.js init
[debug] [2023-07-09T22:34:31.172Z] CLI Version:   12.4.3
[debug] [2023-07-09T22:34:31.172Z] Platform:      win32
[debug] [2023-07-09T22:34:31.172Z] Node Version:  v18.16.0
[debug] [2023-07-09T22:34:31.173Z] Time:          Sun Jul 09 2023 17:34:31 GMT-0500 (hora estándar de Colombia)
[debug] [2023-07-09T22:34:31.174Z] ----------------------------------------------------------------------
[debug] 
[debug] [2023-07-09T22:34:31.183Z] > command requires scopes: ["email","openid","https://www.googleapis.com/auth/cloudplatformprojects.readonly","https://www.googleapis.com/auth/firebase","https://www.googleapis.com/auth/cloud-platform"]
[debug] [2023-07-09T22:34:31.183Z] > authorizing via signed-in user (cristhian07.vergara@gmail.com)
[info] 
     ######## #### ########  ######## ########     ###     ######  ########
     ##        ##  ##     ## ##       ##     ##  ##   ##  ##       ##
     ######    ##  ########  ######   ########  #########  ######  ######
     ##        ##  ##    ##  ##       ##     ## ##     ##       ## ##
     ##       #### ##     ## ######## ########  ##     ##  ######  ########

You're about to initialize a Firebase project in this directory:

  C:\Users\valer\Desktop\pro\firebase

[info] 
=== Project Setup
[info] 
[info] First, let's associate this project directory with a Firebase project.
[info] You can create multiple project aliases by running firebase use --add, 
[info] but for now we'll just set up a default project.
[info] 
[debug] [2023-07-09T22:34:43.812Z] >>> [apiv2][query] GET https://firebase.googleapis.com/v1beta1/projects pageSize=100
[debug] [2023-07-09T22:34:44.471Z] <<< [apiv2][status] GET https://firebase.googleapis.com/v1beta1/projects 200
[debug] [2023-07-09T22:34:44.471Z] <<< [apiv2][body] GET https://firebase.googleapis.com/v1beta1/projects [omitted]
[info] i  Using project proyecto-web-9edab (Proyecto web) 
[info] 
=== Hosting Setup
[info] 
[info] Your public directory is the folder (relative to your project directory) that
[info] will contain Hosting assets to be uploaded with firebase deploy. If you
[info] have a build process for your assets, use your build's output directory.
[info] 
[debug] [2023-07-09T22:34:58.233Z] >>> [apiv2][query] GET https://www.gstatic.com/firebasejs/releases.json [none]
[debug] [2023-07-09T22:34:58.411Z] <<< [apiv2][status] GET https://www.gstatic.com/firebasejs/releases.json 200
[debug] [2023-07-09T22:34:58.411Z] <<< [apiv2][body] GET https://www.gstatic.com/firebasejs/releases.json {"current":{"version":"10.0.0","browserURL":"https://www.gstatic.com/firebasejs/10.0.0/firebase.js","packageURL":"https://www.gstatic.com/firebasejs/10.0.0/firebase.tgz"},"live":{"version":"10.0","browserURL":"https://www.gstatic.com/firebasejs/live/10.0/firebase.js","packageURL":"https://www.gstatic.com/firebasejs/live/10.0/firebase.tgz"},"components":{"analytics":"https://www.gstatic.com/firebasejs/10.0.0/firebase-analytics.js","app":"https://www.gstatic.com/firebasejs/10.0.0/firebase-app.js","app-check":"https://www.gstatic.com/firebasejs/10.0.0/firebase-app-check.js","auth":"https://www.gstatic.com/firebasejs/10.0.0/firebase-auth.js","auth/cordova":"https://www.gstatic.com/firebasejs/10.0.0/firebase-auth/cordova.js","functions":"https://www.gstatic.com/firebasejs/10.0.0/firebase-functions.js","firestore":"https://www.gstatic.com/firebasejs/10.0.0/firebase-firestore.js","firestore/lite":"https://www.gstatic.com/firebasejs/10.0.0/firebase-firestore/lite.js","installations":"https://www.gstatic.com/firebasejs/10.0.0/firebase-installations.js","storage":"https://www.gstatic.com/firebasejs/10.0.0/firebase-storage.js","performance":"https://www.gstatic.com/firebasejs/10.0.0/firebase-performance.js","remote-config":"https://www.gstatic.com/firebasejs/10.0.0/firebase-remote-config.js","messaging":"https://www.gstatic.com/firebasejs/10.0.0/firebase-messaging.js","messaging/sw":"https://www.gstatic.com/firebasejs/10.0.0/firebase-messaging/sw.js","database":"https://www.gstatic.com/firebasejs/10.0.0/firebase-database.js","firestore.memory":"https://www.gstatic.com/firebasejs/10.0.0/firebase-firestore.memory.js"}}
[info] +  Wrote public/index.html 
[info] 
[info] i  Detected a .git folder at C:\Users\valer\Desktop\pro\firebase 
[info] i  Authorizing with GitHub to upload your service account to a GitHub repository's secrets store. 
[info] 
[info] Visit this URL on this device to log in:
[info] https://github.com/login/oauth/authorize?client_id=89cf50f02ac6aaed3484&state=974104276&redirect_uri=http%3A%2F%2Flocalhost%3A9005&scope=read%3Auser%20repo%20public_repo
[info] 
[info] Waiting for authentication...
[debug] [2023-07-09T22:35:06.631Z] >>> [apiv2][query] POST https://github.com/login/oauth/access_token [none]
[debug] [2023-07-09T22:35:06.631Z] >>> [apiv2][body] POST https://github.com/login/oauth/access_token [stream]
[debug] [2023-07-09T22:35:07.022Z] <<< [apiv2][status] POST https://github.com/login/oauth/access_token 200
[debug] [2023-07-09T22:35:07.022Z] <<< [apiv2][body] POST https://github.com/login/oauth/access_token {"access_token":"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","token_type":"bearer","scope":"read:user,repo"}
[debug] [2023-07-09T22:35:07.027Z] >>> [apiv2][query] GET https://api.github.com/user [none]
[debug] [2023-07-09T22:35:07.457Z] <<< [apiv2][status] GET https://api.github.com/user 200
[debug] [2023-07-09T22:35:07.457Z] <<< [apiv2][body] GET https://api.github.com/user {"login":"Christhian-07","id":118949897,"node_id":"U_kgDOBxcICQ","avatar_url":"https://avatars.githubusercontent.com/u/118949897?v=4","gravatar_id":"","url":"https://api.github.com/users/Christhian-07","html_url":"https://github.com/Christhian-07","followers_url":"https://api.github.com/users/Christhian-07/followers","following_url":"https://api.github.com/users/Christhian-07/following{/other_user}","gists_url":"https://api.github.com/users/Christhian-07/gists{/gist_id}","starred_url":"https://api.github.com/users/Christhian-07/starred{/owner}{/repo}","subscriptions_url":"https://api.github.com/users/Christhian-07/subscriptions","organizations_url":"https://api.github.com/users/Christhian-07/orgs","repos_url":"https://api.github.com/users/Christhian-07/repos","events_url":"https://api.github.com/users/Christhian-07/events{/privacy}","received_events_url":"https://api.github.com/users/Christhian-07/received_events","type":"User","site_admin":false,"name":null,"company":null,"blog":"","location":null,"email":null,"hireable":null,"bio":null,"twitter_username":null,"public_repos":16,"public_gists":0,"followers":0,"following":0,"created_at":"2022-11-24T02:25:52Z","updated_at":"2023-04-28T04:06:10Z","private_gists":0,"total_private_repos":3,"owned_private_repos":3,"disk_usage":5307,"collaborators":1,"two_factor_authentication":false,"plan":{"name":"free","space":976562499,"collaborators":0,"private_repos":10000}}
[info] 
[info] +  Success! Logged into GitHub as Christhian-07 
[info] 
[debug] [2023-07-09T22:35:24.161Z] >>> [apiv2][query] GET https://api.github.com/repos//actions/secrets/public-key type=owner
[debug] [2023-07-09T22:35:24.463Z] <<< [apiv2][status] GET https://api.github.com/repos//actions/secrets/public-key 404
[debug] [2023-07-09T22:35:24.463Z] <<< [apiv2][body] GET https://api.github.com/repos//actions/secrets/public-key {"message":"Not Found","documentation_url":"https://docs.github.com/rest"}
[info] 
[info] 
[error] !  The provided authorization cannot be used with this repository. If this repository is in an organization, did you remember to grant access? 
[info] 
[info] i  Action required: Visit this URL to ensure access has been granted to the appropriate organization(s) for the Firebase CLI GitHub OAuth App: 
[info] https://github.com/settings/connections/applications/89cf50f02ac6aaed3484
[info] 
